\BOOKMARK [1][-]{section.1}{Introduction}{}% 1
\BOOKMARK [1][-]{section.2}{Data Set and Monte Carlo Samples}{}% 2
\BOOKMARK [1][-]{section.3}{Event Selection}{}% 3
\BOOKMARK [2][-]{subsection.3.1}{Tracking, PID, 0/\('\) and KS0 Rconstruction }{section.3}% 4
\BOOKMARK [2][-]{subsection.3.2}{Single Tag Selection}{section.3}% 5
\BOOKMARK [2][-]{subsection.3.3}{Background Analysis}{section.3}% 6
\BOOKMARK [1][-]{section.4}{Model Independent Partial Wave Analysis}{}% 7
\BOOKMARK [2][-]{subsection.4.1}{Signal Candidate Selection}{section.4}% 8
\BOOKMARK [2][-]{subsection.4.2}{Background Analysis}{section.4}% 9
\BOOKMARK [2][-]{subsection.4.3}{MIPWA method}{section.4}% 10
\BOOKMARK [2][-]{subsection.4.4}{S-wave parameterization at the K+K- threshold}{section.4}% 11
\BOOKMARK [1][-]{section.5}{Amplitude Analysis}{}% 12
\BOOKMARK [2][-]{subsection.5.1}{Fit Method}{section.5}% 13
\BOOKMARK [2][-]{subsection.5.2}{Fit Fraction}{section.5}% 14
\BOOKMARK [2][-]{subsection.5.3}{Fit Result}{section.5}% 15
\BOOKMARK [2][-]{subsection.5.4}{Sytematic Uncertainties}{section.5}% 16
\BOOKMARK [1][-]{section.6}{Branching Fraction Measurements}{}% 17
\BOOKMARK [2][-]{subsection.6.1}{Results of Branching Fraction}{section.6}% 18
\BOOKMARK [2][-]{subsection.6.2}{Systematic Uncertainties}{section.6}% 19
\BOOKMARK [1][-]{section.7}{Summary}{}% 20
\BOOKMARK [0][-]{part*.3}{Appendices}{}% 21
\BOOKMARK [1][-]{appendix.A}{Substract of the Secondary proton}{part*.3}% 22
